<?xml version="1.0" encoding="UTF-8"?>
<!-- Generated by org.testng.reporters.JUnitReportReporter -->
<testsuite skipped="0" hostname="LAPTOP-98AE8SAQ" name="testNG.practice.com.AnnotationsPractice" tests="2" failures="0" timestamp="2019-09-29T17:26:36 IST" time="0.038" errors="0">
  <testcase name="test" time="0.009" classname="testNG.practice.com.AnnotationsPractice"/>
  <testcase name="loginButtonCheck" time="0.029" classname="testNG.practice.com.AnnotationsPractice"/>
</testsuite> <!-- testNG.practice.com.AnnotationsPractice -->
