<?xml version="1.0" encoding="UTF-8"?>
<!-- Generated by org.testng.reporters.JUnitReportReporter -->
<testsuite skipped="0" hostname="LAPTOP-98AE8SAQ" name="com.testNG.parameter.YahooLogin" tests="1" failures="0" timestamp="2019-10-02T17:52:58 IST" time="4.946" errors="0">
  <testcase name="launchURL" time="4.946" classname="com.testNG.parameter.YahooLogin"/>
</testsuite> <!-- com.testNG.parameter.YahooLogin -->
