<?xml version="1.0" encoding="UTF-8"?>
<!-- Generated by org.testng.reporters.JUnitReportReporter -->
<testsuite skipped="0" hostname="LAPTOP-98AE8SAQ" name="testNG.practice.com.InvocationTimeout" tests="1" failures="0" timestamp="2019-10-02T02:12:21 IST" time="0.010" errors="0">
  <testcase name="exception" time="0.010" classname="testNG.practice.com.InvocationTimeout"/>
</testsuite> <!-- testNG.practice.com.InvocationTimeout -->
