<?xml version="1.0" encoding="UTF-8"?>
<!-- Generated by org.testng.reporters.JUnitReportReporter -->
<testsuite skipped="0" hostname="LAPTOP-98AE8SAQ" name="testNG.practice.com.InvocationCountTest" tests="10" failures="0" timestamp="2019-10-02T01:57:48 IST" time="0.022" errors="0">
  <testcase name="Sum" time="0.002" classname="testNG.practice.com.InvocationCountTest"/>
  <testcase name="Sum" time="0.001" classname="testNG.practice.com.InvocationCountTest"/>
  <testcase name="Sum" time="0.001" classname="testNG.practice.com.InvocationCountTest"/>
  <testcase name="Sum" time="0.001" classname="testNG.practice.com.InvocationCountTest"/>
  <testcase name="Sum" time="0.001" classname="testNG.practice.com.InvocationCountTest"/>
  <testcase name="Sum" time="0.001" classname="testNG.practice.com.InvocationCountTest"/>
  <testcase name="Sum" time="0.011" classname="testNG.practice.com.InvocationCountTest"/>
  <testcase name="Sum" time="0.002" classname="testNG.practice.com.InvocationCountTest"/>
  <testcase name="Sum" time="0.001" classname="testNG.practice.com.InvocationCountTest"/>
  <testcase name="Sum" time="0.001" classname="testNG.practice.com.InvocationCountTest"/>
</testsuite> <!-- testNG.practice.com.InvocationCountTest -->
